<?xml version="1.0" encoding="UTF-8"?>
<!-- Generated by org.testng.reporters.JUnitXMLReporter -->
<testsuite hostname="BDC4-D-5SL1RG2" ignored="1" name="MyFristTest" tests="4" failures="0" timestamp="17 Sep 2018 09:18:37 GMT" time="23.192" errors="0">
  <testcase name="testcase" time="0.0" classname="Day001.DataProviderClass"/>
  <testcase name="testcase" time="0.0" classname="Day001.DataProviderClass"/>
  <testcase name="testOne" time="23.135" classname="Day001.BasicAnnotation"/>
  <testcase name="testcase2" time="0.01" classname="Day001.Annotations"/>
  <testcase name="testcase1" time="0.0" classname="Day001.Annotations">
    <ignored/>
  </testcase> <!-- testcase1 -->
</testsuite> <!-- MyFristTest -->
